<?xml version="1.0" encoding="UTF-8"?>
<!-- Generated by org.testng.reporters.JUnitXMLReporter -->
<testsuite ignored="3" hostname="LAPTOP-VHB53090" failures="0" tests="3" name="carloan" time="0.014" errors="0" timestamp="2022-03-29T14:50:24 BST">
  <testcase classname="LearnTest.Demo3" name="webcarloanprint" time="0.001"/>
  <testcase classname="LearnTest.Demo3" name="webcarloanprint" time="0.002"/>
  <testcase classname="LearnTest.Demo3" name="webcarloanprint" time="0.002"/>
  <testcase classname="LearnTest.Demo3" name="mobilecarloansignout" time="0.0">
    <ignored/>
  </testcase> <!-- mobilecarloansignout -->
  <testcase classname="LearnTest.Demo3" name="mobilecarloansignin" time="0.0">
    <ignored/>
  </testcase> <!-- mobilecarloansignin -->
  <testcase classname="LearnTest.Demo3" name="beforeexec" time="0.0">
    <ignored/>
  </testcase> <!-- beforeexec -->
</testsuite> <!-- carloan -->
