<?xml version="1.0" encoding="UTF-8"?>
<!-- Generated by org.testng.reporters.JUnitXMLReporter -->
<testsuite ignored="3" hostname="LAPTOP-VHB53090" failures="0" tests="3" name="Regression" time="0.05" errors="0" timestamp="2022-03-29T12:15:06 BST">
  <testcase classname="LearnTest.Demo1" name="print" time="0.006"/>
  <testcase classname="LearnTest.Demo3" name="mobilecarloansignin" time="0.002"/>
  <testcase classname="LearnTest.Demo4" name="homeprintmobile" time="0.001"/>
  <testcase classname="LearnTest.Demo4" name="homeprint" time="0.0">
    <ignored/>
  </testcase> <!-- homeprint -->
  <testcase classname="LearnTest.Demo3" name="webcarloanprint" time="0.0">
    <ignored/>
  </testcase> <!-- webcarloanprint -->
  <testcase classname="LearnTest.Demo3" name="mobilecarloansignout" time="0.0">
    <ignored/>
  </testcase> <!-- mobilecarloansignout -->
</testsuite> <!-- Regression -->
